c:\users\aavorobev\documents\visual studio 2015\projects\readonlyruleloader\release\main.obj
c:\users\aavorobev\documents\visual studio 2015\projects\readonlyruleloader\release\vc110.pdb
c:\users\aavorobev\documents\visual studio 2015\projects\readonlyruleloader\release\vc140.pdb
c:\users\aavorobev\documents\visual studio 2015\projects\readonlyness\deploy\win32\readonlyruleloader.exe
c:\users\aavorobev\documents\visual studio 2015\projects\readonlyness\deploy\win32\readonlyruleloader.pdb
c:\users\aavorobev\documents\visual studio 2015\projects\readonlyruleloader\release\cl.command.1.tlog
c:\users\aavorobev\documents\visual studio 2015\projects\readonlyruleloader\release\cl.read.1.tlog
c:\users\aavorobev\documents\visual studio 2015\projects\readonlyruleloader\release\cl.write.1.tlog
c:\users\aavorobev\documents\visual studio 2015\projects\readonlyruleloader\release\link-cvtres.read.1.tlog
c:\users\aavorobev\documents\visual studio 2015\projects\readonlyruleloader\release\link-cvtres.write.1.tlog
c:\users\aavorobev\documents\visual studio 2015\projects\readonlyruleloader\release\link-rc.read.1.tlog
c:\users\aavorobev\documents\visual studio 2015\projects\readonlyruleloader\release\link-rc.write.1.tlog
c:\users\aavorobev\documents\visual studio 2015\projects\readonlyruleloader\release\link.command.1.tlog
c:\users\aavorobev\documents\visual studio 2015\projects\readonlyruleloader\release\link.read.1.tlog
c:\users\aavorobev\documents\visual studio 2015\projects\readonlyruleloader\release\link.write.1.tlog
c:\users\aavorobev\documents\visual studio 2015\projects\readonlyness\\deploy\win32\\readonlyruleloader.pdb
c:\users\aavorobev\documents\visual studio 2015\projects\readonlyness\\deploy\win32\\readonlyruleloader.exe
c:\users\aavorobev\documents\visual studio 2015\projects\readonlyruleloader\release\readonly.efe16f15.tlog\cl.command.1.tlog
c:\users\aavorobev\documents\visual studio 2015\projects\readonlyruleloader\release\readonly.efe16f15.tlog\cl.read.1.tlog
c:\users\aavorobev\documents\visual studio 2015\projects\readonlyruleloader\release\readonly.efe16f15.tlog\cl.write.1.tlog
c:\users\aavorobev\documents\visual studio 2015\projects\readonlyruleloader\release\readonly.efe16f15.tlog\clang.4488.read.1.tlog
c:\users\aavorobev\documents\visual studio 2015\projects\readonlyruleloader\release\readonly.efe16f15.tlog\clang.command.1.tlog
c:\users\aavorobev\documents\visual studio 2015\projects\readonlyruleloader\release\readonly.efe16f15.tlog\clang.read.1.tlog
c:\users\aavorobev\documents\visual studio 2015\projects\readonlyruleloader\release\readonly.efe16f15.tlog\link.command.1.tlog
c:\users\aavorobev\documents\visual studio 2015\projects\readonlyruleloader\release\readonly.efe16f15.tlog\link.read.1.tlog
c:\users\aavorobev\documents\visual studio 2015\projects\readonlyruleloader\release\readonly.efe16f15.tlog\link.write.1.tlog
c:\users\aavorobev\documents\visual studio 2015\projects\readonlyruleloader\release\readonly.efe16f15.tlog\microsoft.build.cpptasks.clangcompile.read.1.tlog
c:\users\aavorobev\documents\visual studio 2015\projects\readonlyruleloader\release\readonly.efe16f15.tlog\microsoft.build.cpptasks.clangcompile.write.1.tlog
